This file contains any messages produced by compilers while
running configure, to aid debugging if configure makes a mistake.

It was created by Read Route Record configure 1.18-0, which was
generated by GNU Autoconf 2.71.  Invocation command line was

  $ ./configure

## --------- ##
## Platform. ##
## --------- ##

hostname = atle
uname -m = x86_64
uname -r = 5.10.25-1-lts
uname -s = Linux
uname -v = #1 SMP Sat, 20 Mar 2021 19:37:44 +0000

/usr/bin/uname -p = unknown
/bin/uname -X     = unknown

/bin/arch              = unknown
/usr/bin/arch -k       = unknown
/usr/convex/getsysinfo = unknown
/usr/bin/hostinfo      = unknown
/bin/machine           = unknown
/usr/bin/oslevel       = unknown
/bin/universe          = unknown

PATH: /usr/local/sbin/
PATH: /usr/local/bin/
PATH: /usr/bin/
PATH: /usr/lib/jvm/default/bin/
PATH: /usr/bin/site_perl/
PATH: /usr/bin/vendor_perl/
PATH: /usr/bin/core_perl/
PATH: /home/atle/eclipse/cpp-2019-09/


## ----------- ##
## Core tests. ##
## ----------- ##

configure:2338: looking for aux files: compile config.guess config.sub ltmain.sh missing install-sh
configure:2351:  trying ./
configure:2351:  trying ./../
configure:2351:  trying ./../../
configure:2380:   ./../../compile found
configure:2380:   ./../../config.guess found
configure:2380:   ./../../config.sub found
configure:2380:   ./../../ltmain.sh found
configure:2380:   ./../../missing found
configure:2362:   ./../../install-sh found
configure:2515: checking for egcc
configure:2550: result: no
configure:2555: checking for OpenBSD EGCC
configure:2576: result: no
configure:2599: checking for a BSD-compatible install
configure:2672: result: /usr/bin/install -c
configure:2683: checking whether build environment is sane
configure:2738: result: yes
configure:2897: checking for a race-free mkdir -p
configure:2941: result: /usr/bin/mkdir -p
configure:2948: checking for gawk
configure:2969: found /usr/bin/gawk
configure:2980: result: gawk
configure:2991: checking whether make sets $(MAKE)
configure:3014: result: yes
configure:3044: checking whether make supports nested variables
configure:3062: result: yes
configure:3216: checking build system type
configure:3231: result: x86_64-pc-linux-gnu
configure:3251: checking host system type
configure:3265: result: x86_64-pc-linux-gnu
configure:3306: checking how to print strings
configure:3333: result: printf
configure:3416: checking for gcc
configure:3437: found /usr/bin/gcc
configure:3448: result: gcc
configure:3801: checking for C compiler version
configure:3810: gcc --version >&5
gcc (GCC) 10.2.0
Copyright (C) 2020 Free Software Foundation, Inc.
This is free software; see the source for copying conditions.  There is NO
warranty; not even for MERCHANTABILITY or FITNESS FOR A PARTICULAR PURPOSE.

configure:3821: $? = 0
configure:3810: gcc -v >&5
Using built-in specs.
COLLECT_GCC=gcc
COLLECT_LTO_WRAPPER=/usr/lib/gcc/x86_64-pc-linux-gnu/10.2.0/lto-wrapper
Target: x86_64-pc-linux-gnu
Configured with: /build/gcc/src/gcc/configure --prefix=/usr --libdir=/usr/lib --libexecdir=/usr/lib --mandir=/usr/share/man --infodir=/usr/share/info --with-bugurl=https://bugs.archlinux.org/ --enable-languages=c,c++,ada,fortran,go,lto,objc,obj-c++,d --with-isl --with-linker-hash-style=gnu --with-system-zlib --enable-__cxa_atexit --enable-cet=auto --enable-checking=release --enable-clocale=gnu --enable-default-pie --enable-default-ssp --enable-gnu-indirect-function --enable-gnu-unique-object --enable-install-libiberty --enable-linker-build-id --enable-lto --enable-multilib --enable-plugin --enable-shared --enable-threads=posix --disable-libssp --disable-libstdcxx-pch --disable-libunwind-exceptions --disable-werror gdc_include_dir=/usr/include/dlang/gdc
Thread model: posix
Supported LTO compression algorithms: zlib zstd
gcc version 10.2.0 (GCC) 
configure:3821: $? = 0
configure:3810: gcc -V >&5
gcc: error: unrecognized command-line option '-V'
gcc: fatal error: no input files
compilation terminated.
configure:3821: $? = 1
configure:3810: gcc -qversion >&5
gcc: error: unrecognized command-line option '-qversion'; did you mean '--version'?
gcc: fatal error: no input files
compilation terminated.
configure:3821: $? = 1
configure:3810: gcc -version >&5
gcc: error: unrecognized command-line option '-version'
gcc: fatal error: no input files
compilation terminated.
configure:3821: $? = 1
configure:3841: checking whether the C compiler works
configure:3863: gcc    conftest.c  >&5
configure:3867: $? = 0
configure:3917: result: yes
configure:3920: checking for C compiler default output file name
configure:3922: result: a.out
configure:3928: checking for suffix of executables
configure:3935: gcc -o conftest    conftest.c  >&5
configure:3939: $? = 0
configure:3962: result: 
configure:3984: checking whether we are cross compiling
configure:3992: gcc -o conftest    conftest.c  >&5
configure:3996: $? = 0
configure:4003: ./conftest
configure:4007: $? = 0
configure:4022: result: no
configure:4027: checking for suffix of object files
configure:4050: gcc -c   conftest.c >&5
configure:4054: $? = 0
configure:4076: result: o
configure:4080: checking whether the compiler supports GNU C
configure:4100: gcc -c   conftest.c >&5
configure:4100: $? = 0
configure:4110: result: yes
configure:4121: checking whether gcc accepts -g
configure:4142: gcc -c -g  conftest.c >&5
configure:4142: $? = 0
configure:4186: result: yes
configure:4206: checking for gcc option to enable C11 features
configure:4221: gcc  -c -g -O2  conftest.c >&5
configure:4221: $? = 0
configure:4239: result: none needed
configure:4355: checking whether gcc understands -c and -o together
configure:4378: gcc -c conftest.c -o conftest2.o
configure:4381: $? = 0
configure:4378: gcc -c conftest.c -o conftest2.o
configure:4381: $? = 0
configure:4393: result: yes
configure:4410: checking for a sed that does not truncate output
configure:4480: result: /usr/bin/sed
configure:4498: checking for grep that handles long lines and -e
configure:4562: result: /usr/bin/grep
configure:4567: checking for egrep
configure:4635: result: /usr/bin/grep -E
configure:4640: checking for fgrep
configure:4708: result: /usr/bin/grep -F
configure:4744: checking for ld used by gcc
configure:4812: result: /usr/bin/ld
configure:4819: checking if the linker (/usr/bin/ld) is GNU ld
configure:4835: result: yes
configure:4847: checking for BSD- or MS-compatible name lister (nm)
configure:4902: result: /usr/bin/nm -B
configure:5042: checking the name lister (/usr/bin/nm -B) interface
configure:5050: gcc -c -g -O2  conftest.c >&5
configure:5053: /usr/bin/nm -B "conftest.o"
configure:5056: output
0000000000000000 B some_variable
configure:5063: result: BSD nm
configure:5066: checking whether ln -s works
configure:5070: result: yes
configure:5078: checking the maximum length of command line arguments
configure:5210: result: 1572864
configure:5258: checking how to convert x86_64-pc-linux-gnu file names to x86_64-pc-linux-gnu format
configure:5299: result: func_convert_file_noop
configure:5306: checking how to convert x86_64-pc-linux-gnu file names to toolchain format
configure:5327: result: func_convert_file_noop
configure:5334: checking for /usr/bin/ld option to reload object files
configure:5342: result: -r
configure:5421: checking for objdump
configure:5442: found /usr/bin/objdump
configure:5453: result: objdump
configure:5485: checking how to recognize dependent libraries
configure:5686: result: pass_all
configure:5776: checking for dlltool
configure:5811: result: no
configure:5841: checking how to associate runtime and link libraries
configure:5869: result: printf %s\n
configure:5935: checking for ar
configure:5956: found /usr/bin/ar
configure:5967: result: ar
configure:6020: checking for archiver @FILE support
configure:6038: gcc -c -g -O2  conftest.c >&5
configure:6038: $? = 0
configure:6042: ar cr libconftest.a @conftest.lst >&5
configure:6045: $? = 0
configure:6050: ar cr libconftest.a @conftest.lst >&5
ar: conftest.o: No such file or directory
configure:6053: $? = 1
configure:6065: result: @
configure:6128: checking for strip
configure:6149: found /usr/bin/strip
configure:6160: result: strip
configure:6237: checking for ranlib
configure:6258: found /usr/bin/ranlib
configure:6269: result: ranlib
configure:6371: checking command to parse /usr/bin/nm -B output from gcc object
configure:6525: gcc -c -g -O2  conftest.c >&5
configure:6528: $? = 0
configure:6532: /usr/bin/nm -B conftest.o \| sed -n -e 's/^.*[ ]\([ABCDGIRSTW][ABCDGIRSTW]*\)[ ][ ]*\([_A-Za-z][_A-Za-z0-9]*\)$/\1 \2 \2/p' | sed '/ __gnu_lto/d' \> conftest.nm
configure:6535: $? = 0
configure:6601: gcc -o conftest -g -O2   conftest.c conftstm.o >&5
configure:6604: $? = 0
configure:6642: result: ok
configure:6689: checking for sysroot
configure:6720: result: no
configure:6727: checking for a working dd
configure:6771: result: /usr/bin/dd
configure:6775: checking how to truncate binary pipes
configure:6791: result: /usr/bin/dd bs=4096 count=1
configure:6928: gcc -c -g -O2  conftest.c >&5
configure:6931: $? = 0
configure:7128: checking for mt
configure:7163: result: no
configure:7183: checking if : is a manifest tool
configure:7190: : '-?'
configure:7198: result: no
configure:7928: checking for stdio.h
configure:7928: gcc -c -g -O2  conftest.c >&5
configure:7928: $? = 0
configure:7928: result: yes
configure:7928: checking for stdlib.h
configure:7928: gcc -c -g -O2  conftest.c >&5
configure:7928: $? = 0
configure:7928: result: yes
configure:7928: checking for string.h
configure:7928: gcc -c -g -O2  conftest.c >&5
configure:7928: $? = 0
configure:7928: result: yes
configure:7928: checking for inttypes.h
configure:7928: gcc -c -g -O2  conftest.c >&5
configure:7928: $? = 0
configure:7928: result: yes
configure:7928: checking for stdint.h
configure:7928: gcc -c -g -O2  conftest.c >&5
configure:7928: $? = 0
configure:7928: result: yes
configure:7928: checking for strings.h
configure:7928: gcc -c -g -O2  conftest.c >&5
configure:7928: $? = 0
configure:7928: result: yes
configure:7928: checking for sys/stat.h
configure:7928: gcc -c -g -O2  conftest.c >&5
configure:7928: $? = 0
configure:7928: result: yes
configure:7928: checking for sys/types.h
configure:7928: gcc -c -g -O2  conftest.c >&5
configure:7928: $? = 0
configure:7928: result: yes
configure:7928: checking for unistd.h
configure:7928: gcc -c -g -O2  conftest.c >&5
configure:7928: $? = 0
configure:7928: result: yes
configure:7953: checking for dlfcn.h
configure:7953: gcc -c -g -O2  conftest.c >&5
configure:7953: $? = 0
configure:7953: result: yes
configure:8212: checking for objdir
configure:8228: result: .libs
configure:8492: checking if gcc supports -fno-rtti -fno-exceptions
configure:8511: gcc -c -g -O2  -fno-rtti -fno-exceptions conftest.c >&5
cc1: warning: command-line option '-fno-rtti' is valid for C++/D/ObjC++ but not for C
configure:8515: $? = 0
configure:8528: result: no
configure:8886: checking for gcc option to produce PIC
configure:8894: result: -fPIC -DPIC
configure:8902: checking if gcc PIC flag -fPIC -DPIC works
configure:8921: gcc -c -g -O2  -fPIC -DPIC -DPIC conftest.c >&5
configure:8925: $? = 0
configure:8938: result: yes
configure:8967: checking if gcc static flag -static works
configure:8996: result: yes
configure:9011: checking if gcc supports -c -o file.o
configure:9033: gcc -c -g -O2  -o out/conftest2.o conftest.c >&5
configure:9037: $? = 0
configure:9059: result: yes
configure:9067: checking if gcc supports -c -o file.o
configure:9115: result: yes
configure:9148: checking whether the gcc linker (/usr/bin/ld -m elf_x86_64) supports shared libraries
configure:10416: result: yes
configure:10453: checking whether -lc should be explicitly linked in
configure:10462: gcc -c -g -O2  conftest.c >&5
configure:10465: $? = 0
configure:10480: gcc -shared  -fPIC -DPIC conftest.o  -v -Wl,-soname -Wl,conftest -o conftest 2\>\&1 \| /usr/bin/grep  -lc  \>/dev/null 2\>\&1
configure:10483: $? = 0
configure:10497: result: no
configure:10657: checking dynamic linker characteristics
configure:11239: gcc -o conftest -g -O2   -Wl,-rpath -Wl,/foo conftest.c  >&5
configure:11239: $? = 0
configure:11478: result: GNU/Linux ld.so
configure:11600: checking how to hardcode library paths into programs
configure:11625: result: immediate
configure:12177: checking whether stripping libraries is possible
configure:12186: result: yes
configure:12228: checking if libtool supports shared libraries
configure:12230: result: yes
configure:12233: checking whether to build shared libraries
configure:12258: result: yes
configure:12261: checking whether to build static libraries
configure:12265: result: yes
configure:12355: checking for gcc
configure:12387: result: gcc
configure:12740: checking for C compiler version
configure:12749: gcc --version >&5
gcc (GCC) 10.2.0
Copyright (C) 2020 Free Software Foundation, Inc.
This is free software; see the source for copying conditions.  There is NO
warranty; not even for MERCHANTABILITY or FITNESS FOR A PARTICULAR PURPOSE.

configure:12760: $? = 0
configure:12749: gcc -v >&5
Using built-in specs.
COLLECT_GCC=gcc
COLLECT_LTO_WRAPPER=/usr/lib/gcc/x86_64-pc-linux-gnu/10.2.0/lto-wrapper
Target: x86_64-pc-linux-gnu
Configured with: /build/gcc/src/gcc/configure --prefix=/usr --libdir=/usr/lib --libexecdir=/usr/lib --mandir=/usr/share/man --infodir=/usr/share/info --with-bugurl=https://bugs.archlinux.org/ --enable-languages=c,c++,ada,fortran,go,lto,objc,obj-c++,d --with-isl --with-linker-hash-style=gnu --with-system-zlib --enable-__cxa_atexit --enable-cet=auto --enable-checking=release --enable-clocale=gnu --enable-default-pie --enable-default-ssp --enable-gnu-indirect-function --enable-gnu-unique-object --enable-install-libiberty --enable-linker-build-id --enable-lto --enable-multilib --enable-plugin --enable-shared --enable-threads=posix --disable-libssp --disable-libstdcxx-pch --disable-libunwind-exceptions --disable-werror gdc_include_dir=/usr/include/dlang/gdc
Thread model: posix
Supported LTO compression algorithms: zlib zstd
gcc version 10.2.0 (GCC) 
configure:12760: $? = 0
configure:12749: gcc -V >&5
gcc: error: unrecognized command-line option '-V'
gcc: fatal error: no input files
compilation terminated.
configure:12760: $? = 1
configure:12749: gcc -qversion >&5
gcc: error: unrecognized command-line option '-qversion'; did you mean '--version'?
gcc: fatal error: no input files
compilation terminated.
configure:12760: $? = 1
configure:12749: gcc -version >&5
gcc: error: unrecognized command-line option '-version'
gcc: fatal error: no input files
compilation terminated.
configure:12760: $? = 1
configure:12764: checking whether the compiler supports GNU C
configure:12794: result: yes
configure:12805: checking whether gcc accepts -g
configure:12870: result: yes
configure:12890: checking for gcc option to enable C11 features
configure:12923: result: none needed
configure:13039: checking whether gcc understands -c and -o together
configure:13077: result: yes
configure:13109: checking whether make supports nested variables
configure:13127: result: yes
configure:13139: checking for RRR GNU Debug
configure:13152: result: yes
configure:13158: checking for code coverage compilation
configure:13169: result: no
configure:13175: checking for rrr/rrr-config.h
configure:13175: gcc -c -g -O2  conftest.c >&5
configure:13175: $? = 0
configure:13175: result: yes
configure:13189: checking cmodule installation directory
configure:13198: result: /usr/local/lib/rrr/cmodules/
configure:13310: checking that generated files are newer than configure
configure:13316: result: done
configure:13331: creating ./config.status

## ---------------------- ##
## Running config.status. ##
## ---------------------- ##

This file was extended by Read Route Record config.status 1.18-0, which was
generated by GNU Autoconf 2.71.  Invocation command line was

  CONFIG_FILES    = 
  CONFIG_HEADERS  = 
  CONFIG_LINKS    = 
  CONFIG_COMMANDS = 
  $ ./config.status 

on atle

config.status:1078: creating Makefile
config.status:1078: creating config.h
config.status:1259: config.h is unchanged
config.status:1307: executing libtool commands

## ---------------- ##
## Cache variables. ##
## ---------------- ##

ac_cv_build=x86_64-pc-linux-gnu
ac_cv_c_compiler_gnu=yes
ac_cv_env_CC_set=
ac_cv_env_CC_value=
ac_cv_env_CFLAGS_set=
ac_cv_env_CFLAGS_value=
ac_cv_env_CPPFLAGS_set=
ac_cv_env_CPPFLAGS_value=
ac_cv_env_LDFLAGS_set=
ac_cv_env_LDFLAGS_value=
ac_cv_env_LIBS_set=
ac_cv_env_LIBS_value=
ac_cv_env_LT_SYS_LIBRARY_PATH_set=
ac_cv_env_LT_SYS_LIBRARY_PATH_value=
ac_cv_env_build_alias_set=
ac_cv_env_build_alias_value=
ac_cv_env_host_alias_set=
ac_cv_env_host_alias_value=
ac_cv_env_target_alias_set=
ac_cv_env_target_alias_value=
ac_cv_header_dlfcn_h=yes
ac_cv_header_inttypes_h=yes
ac_cv_header_rrr_rrr_config_h=yes
ac_cv_header_stdint_h=yes
ac_cv_header_stdio_h=yes
ac_cv_header_stdlib_h=yes
ac_cv_header_string_h=yes
ac_cv_header_strings_h=yes
ac_cv_header_sys_stat_h=yes
ac_cv_header_sys_types_h=yes
ac_cv_header_unistd_h=yes
ac_cv_host=x86_64-pc-linux-gnu
ac_cv_objext=o
ac_cv_path_EGREP='/usr/bin/grep -E'
ac_cv_path_FGREP='/usr/bin/grep -F'
ac_cv_path_GREP=/usr/bin/grep
ac_cv_path_SED=/usr/bin/sed
ac_cv_path_install='/usr/bin/install -c'
ac_cv_path_lt_DD=/usr/bin/dd
ac_cv_path_mkdir=/usr/bin/mkdir
ac_cv_prog_AWK=gawk
ac_cv_prog_ac_ct_AR=ar
ac_cv_prog_ac_ct_CC=gcc
ac_cv_prog_ac_ct_OBJDUMP=objdump
ac_cv_prog_ac_ct_RANLIB=ranlib
ac_cv_prog_ac_ct_STRIP=strip
ac_cv_prog_cc_c11=
ac_cv_prog_cc_g=yes
ac_cv_prog_cc_stdc=
ac_cv_prog_make_make_set=yes
am_cv_make_support_nested_variables=yes
am_cv_prog_cc_c_o=yes
lt_cv_ar_at_file=@
lt_cv_archive_cmds_need_lc=no
lt_cv_deplibs_check_method=pass_all
lt_cv_file_magic_cmd='$MAGIC_CMD'
lt_cv_file_magic_test_file=
lt_cv_ld_reload_flag=-r
lt_cv_nm_interface='BSD nm'
lt_cv_objdir=.libs
lt_cv_path_LD=/usr/bin/ld
lt_cv_path_NM='/usr/bin/nm -B'
lt_cv_path_mainfest_tool=no
lt_cv_prog_compiler_c_o=yes
lt_cv_prog_compiler_pic='-fPIC -DPIC'
lt_cv_prog_compiler_pic_works=yes
lt_cv_prog_compiler_rtti_exceptions=no
lt_cv_prog_compiler_static_works=yes
lt_cv_prog_gnu_ld=yes
lt_cv_sharedlib_from_linklib_cmd='printf %s\n'
lt_cv_shlibpath_overrides_runpath=no
lt_cv_sys_global_symbol_pipe='sed -n -e '\''s/^.*[	 ]\([ABCDGIRSTW][ABCDGIRSTW]*\)[	 ][	 ]*\([_A-Za-z][_A-Za-z0-9]*\)$/\1 \2 \2/p'\'' | sed '\''/ __gnu_lto/d'\'''
lt_cv_sys_global_symbol_to_c_name_address='sed -n -e '\''s/^: \(.*\) .*$/  {"\1", (void *) 0},/p'\'' -e '\''s/^[ABCDGIRSTW][ABCDGIRSTW]* .* \(.*\)$/  {"\1", (void *) \&\1},/p'\'''
lt_cv_sys_global_symbol_to_c_name_address_lib_prefix='sed -n -e '\''s/^: \(.*\) .*$/  {"\1", (void *) 0},/p'\'' -e '\''s/^[ABCDGIRSTW][ABCDGIRSTW]* .* \(lib.*\)$/  {"\1", (void *) \&\1},/p'\'' -e '\''s/^[ABCDGIRSTW][ABCDGIRSTW]* .* \(.*\)$/  {"lib\1", (void *) \&\1},/p'\'''
lt_cv_sys_global_symbol_to_cdecl='sed -n -e '\''s/^T .* \(.*\)$/extern int \1();/p'\'' -e '\''s/^[ABCDGIRSTW][ABCDGIRSTW]* .* \(.*\)$/extern char \1;/p'\'''
lt_cv_sys_global_symbol_to_import=
lt_cv_sys_max_cmd_len=1572864
lt_cv_to_host_file_cmd=func_convert_file_noop
lt_cv_to_tool_file_cmd=func_convert_file_noop
lt_cv_truncate_bin='/usr/bin/dd bs=4096 count=1'

## ----------------- ##
## Output variables. ##
## ----------------- ##

ACLOCAL='${SHELL} '\''/home/atle/rrr/missing'\'' aclocal-1.16'
AMTAR='$${TAR-tar}'
AM_BACKSLASH='\'
AM_CFLAGS='  -std=c11 -Wunreachable-code -Wstrict-prototypes -Wall -Wextra -Wno-clobbered -Werror=implicit-function-declaration -D_XOPEN_SOURCE=700'
AM_DEFAULT_V='$(AM_DEFAULT_VERBOSITY)'
AM_DEFAULT_VERBOSITY='0'
AM_LDFLAGS=''
AM_V='$(V)'
AR='ar'
AUTOCONF='${SHELL} '\''/home/atle/rrr/missing'\'' autoconf'
AUTOHEADER='${SHELL} '\''/home/atle/rrr/missing'\'' autoheader'
AUTOMAKE='${SHELL} '\''/home/atle/rrr/missing'\'' automake-1.16'
AWK='gawk'
CC='gcc'
CFLAGS='-g -O2'
CFLAGS_CODECOV=''
CMODULE_DIR='/usr/local/lib/rrr/cmodules/'
CPPFLAGS=''
CYGPATH_W='echo'
DEFS='-DHAVE_CONFIG_H'
DLLTOOL='false'
DSYMUTIL=''
DUMPBIN=''
ECHO_C=''
ECHO_N='-n'
ECHO_T=''
EGCC=''
EGREP='/usr/bin/grep -E'
EXEEXT=''
FGREP='/usr/bin/grep -F'
GREP='/usr/bin/grep'
INSTALL_DATA='${INSTALL} -m 644'
INSTALL_PROGRAM='${INSTALL}'
INSTALL_SCRIPT='${INSTALL}'
INSTALL_STRIP_PROGRAM='$(install_sh) -c -s'
LD='/usr/bin/ld -m elf_x86_64'
LDFLAGS=''
LIBOBJS=''
LIBS=''
LIBTOOL='$(SHELL) $(top_builddir)/libtool'
LIPO=''
LN_S='ln -s'
LTLIBOBJS=''
LT_SYS_LIBRARY_PATH=''
MAKEINFO='${SHELL} '\''/home/atle/rrr/missing'\'' makeinfo'
MANIFEST_TOOL=':'
MKDIR_P='/usr/bin/mkdir -p'
NM='/usr/bin/nm -B'
NMEDIT=''
OBJDUMP='objdump'
OBJEXT='o'
OTOOL64=''
OTOOL=''
PACKAGE='read-route-record'
PACKAGE_BUGREPORT=''
PACKAGE_NAME='Read Route Record'
PACKAGE_STRING='Read Route Record 1.18-0'
PACKAGE_TARNAME='read-route-record'
PACKAGE_URL=''
PACKAGE_VERSION='1.18-0'
PATH_SEPARATOR=':'
RANLIB='ranlib'
SED='/usr/bin/sed'
SET_MAKE=''
SHELL='/bin/sh'
STRIP='strip'
VERSION='1.18-0'
ac_ct_AR='ar'
ac_ct_CC='gcc'
ac_ct_DUMPBIN=''
am__EXEEXT_FALSE=''
am__EXEEXT_TRUE='#'
am__isrc=''
am__leading_dot='.'
am__tar='$${TAR-tar} chof - "$$tardir"'
am__untar='$${TAR-tar} xf -'
bindir='${exec_prefix}/bin'
build='x86_64-pc-linux-gnu'
build_alias=''
build_cpu='x86_64'
build_os='linux-gnu'
build_vendor='pc'
datadir='${datarootdir}'
datarootdir='${prefix}/share'
docdir='${datarootdir}/doc/${PACKAGE_TARNAME}'
dvidir='${docdir}'
exec_prefix='${prefix}'
host='x86_64-pc-linux-gnu'
host_alias=''
host_cpu='x86_64'
host_os='linux-gnu'
host_vendor='pc'
htmldir='${docdir}'
includedir='${prefix}/include'
infodir='${datarootdir}/info'
install_sh='${SHELL} /home/atle/rrr/install-sh'
libdir='${exec_prefix}/lib'
libexecdir='${exec_prefix}/libexec'
localedir='${datarootdir}/locale'
localstatedir='${prefix}/var'
mandir='${datarootdir}/man'
mkdir_p='$(MKDIR_P)'
oldincludedir='/usr/include'
pdfdir='${docdir}'
prefix='/usr/local'
program_transform_name='s,x,x,'
psdir='${docdir}'
runstatedir='${localstatedir}/run'
sbindir='${exec_prefix}/sbin'
sharedstatedir='${prefix}/com'
sysconfdir='${prefix}/etc'
target_alias=''

## ----------- ##
## confdefs.h. ##
## ----------- ##

/* confdefs.h */
#define PACKAGE_NAME "Read Route Record"
#define PACKAGE_TARNAME "read-route-record"
#define PACKAGE_VERSION "1.18-0"
#define PACKAGE_STRING "Read Route Record 1.18-0"
#define PACKAGE_BUGREPORT ""
#define PACKAGE_URL ""
#define RRR_CONFIG_VERSION "1.18-0"
#define RRR_CONFIG_VERSION_MAJOR 1
#define RRR_CONFIG_VERSION_MINOR 18
#define RRR_CONFIG_VERSION_REVISION 0
#define RRR_TYPE_MAX_BLOB_LENGTH 1024
#define PACKAGE "read-route-record"
#define VERSION "1.18-0"
#define HAVE_STDIO_H 1
#define HAVE_STDLIB_H 1
#define HAVE_STRING_H 1
#define HAVE_INTTYPES_H 1
#define HAVE_STDINT_H 1
#define HAVE_STRINGS_H 1
#define HAVE_SYS_STAT_H 1
#define HAVE_SYS_TYPES_H 1
#define HAVE_UNISTD_H 1
#define STDC_HEADERS 1
#define HAVE_DLFCN_H 1
#define LT_OBJDIR ".libs/"
#define RRR_WITH_GNU_DEBUG 1
#define HAVE_RRR_RRR_CONFIG_H 1
#define CMODULE_DIR "${CMODULE_DIR}"

configure: exit 0

## ---------------------- ##
## Running config.status. ##
## ---------------------- ##

This file was extended by Read Route Record config.status 1.18-0, which was
generated by GNU Autoconf 2.71.  Invocation command line was

  CONFIG_FILES    = 
  CONFIG_HEADERS  = 
  CONFIG_LINKS    = 
  CONFIG_COMMANDS = 
  $ ./config.status config.h

on atle

config.status:1078: creating config.h
config.status:1259: config.h is unchanged
